2021-05-03 22:51:09.481 [main] [] INFO  com.abc.BookshopApplication - Starting BookshopApplication on LAPTOP-A0LEJSMR with PID 16284 (D:\Projects\bookshop07\target\classes started by yancc in D:\Projects\bookshop07)
2021-05-03 22:51:09.484 [main] [] INFO  com.abc.BookshopApplication - No active profile set, falling back to default profiles: default
2021-05-03 22:51:14.629 [main] [] INFO  o.s.d.r.config.RepositoryConfigurationDelegate - Multiple Spring Data modules found, entering strict repository configuration mode!
2021-05-03 22:51:14.630 [main] [] INFO  o.s.d.r.config.RepositoryConfigurationDelegate - Bootstrapping Spring Data Elasticsearch repositories in DEFAULT mode.
2021-05-03 22:51:14.734 [main] [] INFO  o.s.d.r.config.RepositoryConfigurationDelegate - Finished Spring Data repository scanning in 100ms. Found 1 Elasticsearch repository interfaces.
2021-05-03 22:51:14.746 [main] [] INFO  o.s.d.r.config.RepositoryConfigurationDelegate - Multiple Spring Data modules found, entering strict repository configuration mode!
2021-05-03 22:51:14.747 [main] [] INFO  o.s.d.r.config.RepositoryConfigurationDelegate - Bootstrapping Spring Data Reactive Elasticsearch repositories in DEFAULT mode.
2021-05-03 22:51:14.756 [main] [] INFO  o.s.d.r.config.RepositoryConfigurationDelegate - Finished Spring Data repository scanning in 8ms. Found 0 Reactive Elasticsearch repository interfaces.
2021-05-03 22:51:14.766 [main] [] INFO  o.s.d.r.config.RepositoryConfigurationDelegate - Multiple Spring Data modules found, entering strict repository configuration mode!
2021-05-03 22:51:14.767 [main] [] INFO  o.s.d.r.config.RepositoryConfigurationDelegate - Bootstrapping Spring Data Redis repositories in DEFAULT mode.
2021-05-03 22:51:14.781 [main] [] INFO  o.s.d.r.c.RepositoryConfigurationExtensionSupport - Spring Data Redis - Could not safely identify store assignment for repository candidate interface com.abc.component.elasticsearch.ESBookRepository. If you want this repository to be a Redis repository, consider annotating your entities with one of these annotations: org.springframework.data.redis.core.RedisHash (preferred), or consider extending one of the following types with your repository: org.springframework.data.keyvalue.repository.KeyValueRepository.
2021-05-03 22:51:14.781 [main] [] INFO  o.s.d.r.config.RepositoryConfigurationDelegate - Finished Spring Data repository scanning in 8ms. Found 0 Redis repository interfaces.
2021-05-03 22:51:14.976 [main] [] INFO  o.s.c.s.PostProcessorRegistrationDelegate$BeanPostProcessorChecker - Bean 'org.apache.shiro.spring.boot.autoconfigure.ShiroBeanAutoConfiguration' of type [org.apache.shiro.spring.boot.autoconfigure.ShiroBeanAutoConfiguration$$EnhancerBySpringCGLIB$$c73f4508] is not eligible for getting processed by all BeanPostProcessors (for example: not eligible for auto-proxying)
2021-05-03 22:51:15.009 [main] [] INFO  o.s.c.s.PostProcessorRegistrationDelegate$BeanPostProcessorChecker - Bean 'org.apache.shiro.spring.boot.autoconfigure.ShiroAnnotationProcessorAutoConfiguration' of type [org.apache.shiro.spring.boot.autoconfigure.ShiroAnnotationProcessorAutoConfiguration$$EnhancerBySpringCGLIB$$c9d283ad] is not eligible for getting processed by all BeanPostProcessors (for example: not eligible for auto-proxying)
2021-05-03 22:51:15.031 [main] [] INFO  o.s.c.s.PostProcessorRegistrationDelegate$BeanPostProcessorChecker - Bean 'eventBus' of type [org.apache.shiro.event.support.DefaultEventBus] is not eligible for getting processed by all BeanPostProcessors (for example: not eligible for auto-proxying)
2021-05-03 22:51:15.041 [main] [] INFO  o.s.c.s.PostProcessorRegistrationDelegate$BeanPostProcessorChecker - Bean 'shiroConfig' of type [com.abc.component.shiro.ShiroConfig$$EnhancerBySpringCGLIB$$56d2989] is not eligible for getting processed by all BeanPostProcessors (for example: not eligible for auto-proxying)
2021-05-03 22:51:15.459 [main] [] INFO  o.s.c.s.PostProcessorRegistrationDelegate$BeanPostProcessorChecker - Bean 'mybatis-plus-com.baomidou.mybatisplus.autoconfigure.MybatisPlusProperties' of type [com.baomidou.mybatisplus.autoconfigure.MybatisPlusProperties] is not eligible for getting processed by all BeanPostProcessors (for example: not eligible for auto-proxying)
2021-05-03 22:51:15.466 [main] [] INFO  o.s.c.s.PostProcessorRegistrationDelegate$BeanPostProcessorChecker - Bean 'com.baomidou.mybatisplus.autoconfigure.MybatisPlusAutoConfiguration' of type [com.baomidou.mybatisplus.autoconfigure.MybatisPlusAutoConfiguration$$EnhancerBySpringCGLIB$$f1eed3f2] is not eligible for getting processed by all BeanPostProcessors (for example: not eligible for auto-proxying)
2021-05-03 22:51:15.466 [main] [] INFO  o.s.c.s.PostProcessorRegistrationDelegate$BeanPostProcessorChecker - Bean 'com.alibaba.druid.spring.boot.autoconfigure.DruidDataSourceAutoConfigure' of type [com.alibaba.druid.spring.boot.autoconfigure.DruidDataSourceAutoConfigure$$EnhancerBySpringCGLIB$$cdd25cca] is not eligible for getting processed by all BeanPostProcessors (for example: not eligible for auto-proxying)
2021-05-03 22:51:15.468 [main] [] INFO  c.a.d.s.b.a.DruidDataSourceAutoConfigure - Init DruidDataSource
2021-05-03 22:51:15.568 [main] [] INFO  o.s.c.s.PostProcessorRegistrationDelegate$BeanPostProcessorChecker - Bean 'spring.datasource-org.springframework.boot.autoconfigure.jdbc.DataSourceProperties' of type [org.springframework.boot.autoconfigure.jdbc.DataSourceProperties] is not eligible for getting processed by all BeanPostProcessors (for example: not eligible for auto-proxying)
2021-05-03 22:51:15.598 [main] [] INFO  com.alibaba.druid.pool.DruidDataSource - {dataSource-1} inited
2021-05-03 22:51:15.598 [main] [] INFO  o.s.c.s.PostProcessorRegistrationDelegate$BeanPostProcessorChecker - Bean 'dataSource' of type [com.alibaba.druid.spring.boot.autoconfigure.DruidDataSourceWrapper] is not eligible for getting processed by all BeanPostProcessors (for example: not eligible for auto-proxying)
2021-05-03 22:51:15.603 [main] [] INFO  o.s.c.s.PostProcessorRegistrationDelegate$BeanPostProcessorChecker - Bean 'org.springframework.boot.autoconfigure.jdbc.DataSourceInitializerInvoker' of type [org.springframework.boot.autoconfigure.jdbc.DataSourceInitializerInvoker] is not eligible for getting processed by all BeanPostProcessors (for example: not eligible for auto-proxying)
2021-05-03 22:51:15.612 [main] [] INFO  o.s.c.s.PostProcessorRegistrationDelegate$BeanPostProcessorChecker - Bean 'myMetaObjectHandler' of type [com.abc.component.mybatisplus.MyMetaObjectHandler] is not eligible for getting processed by all BeanPostProcessors (for example: not eligible for auto-proxying)
2021-05-03 22:51:16.244 [main] [] INFO  o.s.c.s.PostProcessorRegistrationDelegate$BeanPostProcessorChecker - Bean 'sqlSessionFactory' of type [org.apache.ibatis.session.defaults.DefaultSqlSessionFactory] is not eligible for getting processed by all BeanPostProcessors (for example: not eligible for auto-proxying)
2021-05-03 22:51:16.249 [main] [] INFO  o.s.c.s.PostProcessorRegistrationDelegate$BeanPostProcessorChecker - Bean 'sqlSessionTemplate' of type [org.mybatis.spring.SqlSessionTemplate] is not eligible for getting processed by all BeanPostProcessors (for example: not eligible for auto-proxying)
2021-05-03 22:51:16.250 [main] [] INFO  o.s.c.s.PostProcessorRegistrationDelegate$BeanPostProcessorChecker - Bean 'userMapper' of type [org.mybatis.spring.mapper.MapperFactoryBean] is not eligible for getting processed by all BeanPostProcessors (for example: not eligible for auto-proxying)
2021-05-03 22:51:16.252 [main] [] INFO  o.s.c.s.PostProcessorRegistrationDelegate$BeanPostProcessorChecker - Bean 'userMapper' of type [com.sun.proxy.$Proxy89] is not eligible for getting processed by all BeanPostProcessors (for example: not eligible for auto-proxying)
2021-05-03 22:51:16.254 [main] [] INFO  o.s.c.s.PostProcessorRegistrationDelegate$BeanPostProcessorChecker - Bean 'mailConfig' of type [com.abc.config.MailConfig$$EnhancerBySpringCGLIB$$9f4a6b29] is not eligible for getting processed by all BeanPostProcessors (for example: not eligible for auto-proxying)
2021-05-03 22:51:16.257 [main] [] INFO  o.s.c.s.PostProcessorRegistrationDelegate$BeanPostProcessorChecker - Bean 'mailAccount' of type [cn.hutool.extra.mail.MailAccount] is not eligible for getting processed by all BeanPostProcessors (for example: not eligible for auto-proxying)
2021-05-03 22:51:16.258 [main] [] INFO  o.s.c.s.PostProcessorRegistrationDelegate$BeanPostProcessorChecker - Bean 'redisConfig' of type [com.abc.component.redis.RedisConfig$$EnhancerBySpringCGLIB$$7c56189d] is not eligible for getting processed by all BeanPostProcessors (for example: not eligible for auto-proxying)
2021-05-03 22:51:16.265 [main] [] INFO  o.s.c.s.PostProcessorRegistrationDelegate$BeanPostProcessorChecker - Bean 'spring.redis-org.springframework.boot.autoconfigure.data.redis.RedisProperties' of type [org.springframework.boot.autoconfigure.data.redis.RedisProperties] is not eligible for getting processed by all BeanPostProcessors (for example: not eligible for auto-proxying)
2021-05-03 22:51:16.266 [main] [] INFO  o.s.c.s.PostProcessorRegistrationDelegate$BeanPostProcessorChecker - Bean 'org.springframework.boot.autoconfigure.data.redis.LettuceConnectionConfiguration' of type [org.springframework.boot.autoconfigure.data.redis.LettuceConnectionConfiguration] is not eligible for getting processed by all BeanPostProcessors (for example: not eligible for auto-proxying)
2021-05-03 22:51:16.331 [main] [] INFO  o.s.c.s.PostProcessorRegistrationDelegate$BeanPostProcessorChecker - Bean 'lettuceClientResources' of type [io.lettuce.core.resource.DefaultClientResources] is not eligible for getting processed by all BeanPostProcessors (for example: not eligible for auto-proxying)
2021-05-03 22:51:16.381 [main] [] INFO  o.s.c.s.PostProcessorRegistrationDelegate$BeanPostProcessorChecker - Bean 'redisConnectionFactory' of type [org.springframework.data.redis.connection.lettuce.LettuceConnectionFactory] is not eligible for getting processed by all BeanPostProcessors (for example: not eligible for auto-proxying)
2021-05-03 22:51:16.426 [main] [] INFO  o.s.c.s.PostProcessorRegistrationDelegate$BeanPostProcessorChecker - Bean 'redisTemplate' of type [org.springframework.data.redis.core.RedisTemplate] is not eligible for getting processed by all BeanPostProcessors (for example: not eligible for auto-proxying)
2021-05-03 22:51:16.427 [main] [] INFO  o.s.c.s.PostProcessorRegistrationDelegate$BeanPostProcessorChecker - Bean 'userServiceImpl' of type [com.abc.service.impl.UserServiceImpl] is not eligible for getting processed by all BeanPostProcessors (for example: not eligible for auto-proxying)
2021-05-03 22:51:16.427 [main] [] INFO  o.s.c.s.PostProcessorRegistrationDelegate$BeanPostProcessorChecker - Bean 'myReleam' of type [com.abc.component.shiro.MyReleam] is not eligible for getting processed by all BeanPostProcessors (for example: not eligible for auto-proxying)
2021-05-03 22:51:16.430 [main] [] INFO  o.s.c.s.PostProcessorRegistrationDelegate$BeanPostProcessorChecker - Bean 'securityManager' of type [org.apache.shiro.web.mgt.DefaultWebSecurityManager] is not eligible for getting processed by all BeanPostProcessors (for example: not eligible for auto-proxying)
2021-05-03 22:51:16.436 [main] [] INFO  o.s.c.s.PostProcessorRegistrationDelegate$BeanPostProcessorChecker - Bean 'authorizationAttributeSourceAdvisor' of type [org.apache.shiro.spring.security.interceptor.AuthorizationAttributeSourceAdvisor] is not eligible for getting processed by all BeanPostProcessors (for example: not eligible for auto-proxying)
2021-05-03 22:51:16.455 [main] [] INFO  o.s.c.s.PostProcessorRegistrationDelegate$BeanPostProcessorChecker - Bean 'shiroFilterChainDefinition' of type [org.apache.shiro.spring.web.config.DefaultShiroFilterChainDefinition] is not eligible for getting processed by all BeanPostProcessors (for example: not eligible for auto-proxying)
2021-05-03 22:51:16.458 [main] [] INFO  o.s.c.s.PostProcessorRegistrationDelegate$BeanPostProcessorChecker - Bean 'requestContextFilter' of type [org.springframework.boot.web.servlet.filter.OrderedRequestContextFilter] is not eligible for getting processed by all BeanPostProcessors (for example: not eligible for auto-proxying)
2021-05-03 22:51:16.462 [main] [] INFO  o.s.c.s.PostProcessorRegistrationDelegate$BeanPostProcessorChecker - Bean 'org.springframework.boot.autoconfigure.web.servlet.WebMvcAutoConfiguration' of type [org.springframework.boot.autoconfigure.web.servlet.WebMvcAutoConfiguration] is not eligible for getting processed by all BeanPostProcessors (for example: not eligible for auto-proxying)
2021-05-03 22:51:16.465 [main] [] INFO  o.s.c.s.PostProcessorRegistrationDelegate$BeanPostProcessorChecker - Bean 'formContentFilter' of type [org.springframework.boot.web.servlet.filter.OrderedFormContentFilter] is not eligible for getting processed by all BeanPostProcessors (for example: not eligible for auto-proxying)
2021-05-03 22:51:16.470 [main] [] INFO  o.s.c.s.PostProcessorRegistrationDelegate$BeanPostProcessorChecker - Bean 'spring.http-org.springframework.boot.autoconfigure.http.HttpProperties' of type [org.springframework.boot.autoconfigure.http.HttpProperties] is not eligible for getting processed by all BeanPostProcessors (for example: not eligible for auto-proxying)
2021-05-03 22:51:16.471 [main] [] INFO  o.s.c.s.PostProcessorRegistrationDelegate$BeanPostProcessorChecker - Bean 'org.springframework.boot.autoconfigure.web.servlet.HttpEncodingAutoConfiguration' of type [org.springframework.boot.autoconfigure.web.servlet.HttpEncodingAutoConfiguration] is not eligible for getting processed by all BeanPostProcessors (for example: not eligible for auto-proxying)
2021-05-03 22:51:16.472 [main] [] INFO  o.s.c.s.PostProcessorRegistrationDelegate$BeanPostProcessorChecker - Bean 'characterEncodingFilter' of type [org.springframework.boot.web.servlet.filter.OrderedCharacterEncodingFilter] is not eligible for getting processed by all BeanPostProcessors (for example: not eligible for auto-proxying)
2021-05-03 22:51:16.485 [main] [] INFO  o.s.c.s.PostProcessorRegistrationDelegate$BeanPostProcessorChecker - Bean 'org.apache.shiro.spring.config.web.autoconfigure.ShiroWebFilterConfiguration' of type [org.apache.shiro.spring.config.web.autoconfigure.ShiroWebFilterConfiguration$$EnhancerBySpringCGLIB$$1e460aa9] is not eligible for getting processed by all BeanPostProcessors (for example: not eligible for auto-proxying)
2021-05-03 22:51:16.656 [main] [] INFO  o.s.boot.web.embedded.tomcat.TomcatWebServer - Tomcat initialized with port(s): 8888 (http)
2021-05-03 22:51:16.664 [main] [] INFO  org.apache.coyote.http11.Http11NioProtocol - Initializing ProtocolHandler ["http-nio-8888"]
2021-05-03 22:51:16.665 [main] [] INFO  org.apache.catalina.core.StandardService - Starting service [Tomcat]
2021-05-03 22:51:16.665 [main] [] INFO  org.apache.catalina.core.StandardEngine - Starting Servlet engine: [Apache Tomcat/9.0.33]
2021-05-03 22:51:16.781 [main] [] INFO  o.a.c.c.C.[Tomcat].[localhost].[/bookshop] - Initializing Spring embedded WebApplicationContext
2021-05-03 22:51:16.782 [main] [] INFO  org.springframework.web.context.ContextLoader - Root WebApplicationContext: initialization completed in 7267 ms
2021-05-03 22:51:17.728 [main] [] INFO  o.s.scheduling.concurrent.ThreadPoolTaskExecutor - Initializing ExecutorService 'applicationTaskExecutor'
2021-05-03 22:51:18.473 [main] [] INFO  o.s.a.rabbit.connection.CachingConnectionFactory - Attempting to connect to: [192.168.124.129:5672]
2021-05-03 22:51:18.495 [main] [] INFO  o.s.a.rabbit.connection.CachingConnectionFactory - Created new connection: rabbitConnectionFactory#51cbe7a9:0/SimpleConnection@f7f9ff9 [delegate=amqp://yan@192.168.124.129:5672/, localPort= 9831]
2021-05-03 22:51:18.642 [main] [] INFO  org.apache.coyote.http11.Http11NioProtocol - Starting ProtocolHandler ["http-nio-8888"]
2021-05-03 22:51:18.664 [main] [] INFO  o.s.boot.web.embedded.tomcat.TomcatWebServer - Tomcat started on port(s): 8888 (http) with context path '/bookshop'
2021-05-03 22:51:18.667 [main] [] INFO  com.abc.BookshopApplication - Started BookshopApplication in 9.525 seconds (JVM running for 11.006)
2021-05-03 22:52:38.659 [http-nio-8888-exec-1] [] INFO  o.a.c.c.C.[Tomcat].[localhost].[/bookshop] - Initializing Spring DispatcherServlet 'dispatcherServlet'
2021-05-03 22:52:38.659 [http-nio-8888-exec-1] [] INFO  org.springframework.web.servlet.DispatcherServlet - Initializing Servlet 'dispatcherServlet'
2021-05-03 22:52:38.674 [http-nio-8888-exec-1] [] INFO  org.springframework.web.servlet.DispatcherServlet - Completed initialization in 15 ms
